==11266== Memcheck, a memory error detector
==11266== Copyright (C) 2002-2017, and GNU GPL'd, by Julian Seward et al.
==11266== Using Valgrind-3.13.0 and LibVEX; rerun with -h for copyright info
==11266== Command: /rhome/a/amehmedic1/workspace/TP/T3/Z6/.runme
==11266== Parent PID: 11236
==11266== 
==11266== 
==11266== Process terminating with default action of signal 1 (SIGHUP)
==11266==    at 0x56EF081: read (read.c:27)
==11266==    by 0x566C147: _IO_file_underflow@@GLIBC_2.2.5 (fileops.c:531)
==11266==    by 0x566D3F1: _IO_default_uflow (genops.c:380)
==11266==    by 0x512B95C: __gnu_cxx::stdio_sync_filebuf<char, std::char_traits<char> >::underflow() (in /usr/lib/x86_64-linux-gnu/libstdc++.so.6.0.25)
==11266==    by 0x5139739: std::istream::sentry::sentry(std::istream&, bool) (in /usr/lib/x86_64-linux-gnu/libstdc++.so.6.0.25)
==11266==    by 0x513996D: std::istream::operator>>(int&) (in /usr/lib/x86_64-linux-gnu/libstdc++.so.6.0.25)
==11266==    by 0x1092C9: main (main.cpp:61)
==11266== 
==11266== HEAP SUMMARY:
==11266==     in use at exit: 0 bytes in 0 blocks
==11266==   total heap usage: 2 allocs, 2 frees, 73,728 bytes allocated
==11266== 
==11266== All heap blocks were freed -- no leaks are possible
==11266== 
==11266== For counts of detected and suppressed errors, rerun with: -v
==11266== ERROR SUMMARY: 0 errors from 0 contexts (suppressed: 0 from 0)
