==25764== Memcheck, a memory error detector
==25764== Copyright (C) 2002-2017, and GNU GPL'd, by Julian Seward et al.
==25764== Using Valgrind-3.13.0 and LibVEX; rerun with -h for copyright info
==25764== Command: /rhome/a/amehmedic1/workspace/TP/T6/Z4/.runme
==25764== Parent PID: 25746
==25764== 
==25764== 
==25764== Process terminating with default action of signal 15 (SIGTERM)
==25764==    at 0x56EF081: read (read.c:27)
==25764==    by 0x566C147: _IO_file_underflow@@GLIBC_2.2.5 (fileops.c:531)
==25764==    by 0x566D3F1: _IO_default_uflow (genops.c:380)
==25764==    by 0x512B95C: __gnu_cxx::stdio_sync_filebuf<char, std::char_traits<char> >::underflow() (in /usr/lib/x86_64-linux-gnu/libstdc++.so.6.0.25)
==25764==    by 0x5139739: std::istream::sentry::sentry(std::istream&, bool) (in /usr/lib/x86_64-linux-gnu/libstdc++.so.6.0.25)
==25764==    by 0x513996D: std::istream::operator>>(int&) (in /usr/lib/x86_64-linux-gnu/libstdc++.so.6.0.25)
==25764==    by 0x10946A: main (main.cpp:84)
==25764== 
==25764== HEAP SUMMARY:
==25764==     in use at exit: 0 bytes in 0 blocks
==25764==   total heap usage: 2 allocs, 2 frees, 73,728 bytes allocated
==25764== 
==25764== All heap blocks were freed -- no leaks are possible
==25764== 
==25764== For counts of detected and suppressed errors, rerun with: -v
==25764== ERROR SUMMARY: 0 errors from 0 contexts (suppressed: 0 from 0)
