==1435== Memcheck, a memory error detector
==1435== Copyright (C) 2002-2017, and GNU GPL'd, by Julian Seward et al.
==1435== Using Valgrind-3.13.0 and LibVEX; rerun with -h for copyright info
==1435== Command: /rhome/a/amehmedic1/workspace/TP/T2/Z4/.runme
==1435== Parent PID: 1415
==1435== 
==1435== Conditional jump or move depends on uninitialised value(s)
==1435==    at 0x108ABF: main (main.cpp:11)
==1435== 
==1435== 
==1435== Process terminating with default action of signal 1 (SIGHUP)
==1435==    at 0x56EF152: write (write.c:27)
==1435==    by 0x566A1BC: _IO_file_write@@GLIBC_2.2.5 (fileops.c:1203)
==1435==    by 0x566AB2E: new_do_write (fileops.c:457)
==1435==    by 0x566AB2E: _IO_file_xsputn@@GLIBC_2.2.5 (fileops.c:1277)
==1435==    by 0x565E976: fwrite (iofwrite.c:39)
==1435==    by 0x5151E93: std::basic_ostream<char, std::char_traits<char> >& std::__ostream_insert<char, std::char_traits<char> >(std::basic_ostream<char, std::char_traits<char> >&, char const*, long) (in /usr/lib/x86_64-linux-gnu/libstdc++.so.6.0.25)
==1435==    by 0x5152206: std::basic_ostream<char, std::char_traits<char> >& std::operator<< <std::char_traits<char> >(std::basic_ostream<char, std::char_traits<char> >&, char const*) (in /usr/lib/x86_64-linux-gnu/libstdc++.so.6.0.25)
==1435==    by 0x108AF1: main (main.cpp:15)
==1435== 
==1435== HEAP SUMMARY:
==1435==     in use at exit: 0 bytes in 0 blocks
==1435==   total heap usage: 2 allocs, 2 frees, 73,728 bytes allocated
==1435== 
==1435== All heap blocks were freed -- no leaks are possible
==1435== 
==1435== For counts of detected and suppressed errors, rerun with: -v
==1435== Use --track-origins=yes to see where uninitialised values come from
==1435== ERROR SUMMARY: 1 errors from 1 contexts (suppressed: 0 from 0)
