==22065== Memcheck, a memory error detector
==22065== Copyright (C) 2002-2017, and GNU GPL'd, by Julian Seward et al.
==22065== Using Valgrind-3.13.0 and LibVEX; rerun with -h for copyright info
==22065== Command: /rhome/a/amehmedic1/workspace/TP/T8/Z1/.runme
==22065== Parent PID: 22040
==22065== 
==22065== 
==22065== Process terminating with default action of signal 1 (SIGHUP)
==22065==    at 0x56EF081: read (read.c:27)
==22065==    by 0x566C147: _IO_file_underflow@@GLIBC_2.2.5 (fileops.c:531)
==22065==    by 0x566D3F1: _IO_default_uflow (genops.c:380)
==22065==    by 0x512B95C: __gnu_cxx::stdio_sync_filebuf<char, std::char_traits<char> >::underflow() (in /usr/lib/x86_64-linux-gnu/libstdc++.so.6.0.25)
==22065==    by 0x5139739: std::istream::sentry::sentry(std::istream&, bool) (in /usr/lib/x86_64-linux-gnu/libstdc++.so.6.0.25)
==22065==    by 0x513996D: std::istream::operator>>(int&) (in /usr/lib/x86_64-linux-gnu/libstdc++.so.6.0.25)
==22065==    by 0x109350: main (main.cpp:72)
==22065== 
==22065== HEAP SUMMARY:
==22065==     in use at exit: 0 bytes in 0 blocks
==22065==   total heap usage: 2 allocs, 2 frees, 73,728 bytes allocated
==22065== 
==22065== All heap blocks were freed -- no leaks are possible
==22065== 
==22065== For counts of detected and suppressed errors, rerun with: -v
==22065== ERROR SUMMARY: 0 errors from 0 contexts (suppressed: 0 from 0)
