==12623== Memcheck, a memory error detector
==12623== Copyright (C) 2002-2017, and GNU GPL'd, by Julian Seward et al.
==12623== Using Valgrind-3.13.0 and LibVEX; rerun with -h for copyright info
==12623== Command: /rhome/a/amehmedic1/workspace/TP/T3/Z3/.runme
==12623== Parent PID: 12578
==12623== 
==12623== 
==12623== Process terminating with default action of signal 1 (SIGHUP)
==12623==    at 0x56EF081: read (read.c:27)
==12623==    by 0x566C147: _IO_file_underflow@@GLIBC_2.2.5 (fileops.c:531)
==12623==    by 0x566D3F1: _IO_default_uflow (genops.c:380)
==12623==    by 0x512B95C: __gnu_cxx::stdio_sync_filebuf<char, std::char_traits<char> >::underflow() (in /usr/lib/x86_64-linux-gnu/libstdc++.so.6.0.25)
==12623==    by 0x5139739: std::istream::sentry::sentry(std::istream&, bool) (in /usr/lib/x86_64-linux-gnu/libstdc++.so.6.0.25)
==12623==    by 0x513996D: std::istream::operator>>(int&) (in /usr/lib/x86_64-linux-gnu/libstdc++.so.6.0.25)
==12623==    by 0x108F1F: main (main.cpp:48)
==12623== 
==12623== HEAP SUMMARY:
==12623==     in use at exit: 0 bytes in 0 blocks
==12623==   total heap usage: 2 allocs, 2 frees, 73,728 bytes allocated
==12623== 
==12623== All heap blocks were freed -- no leaks are possible
==12623== 
==12623== For counts of detected and suppressed errors, rerun with: -v
==12623== ERROR SUMMARY: 0 errors from 0 contexts (suppressed: 0 from 0)
