==13572== Memcheck, a memory error detector
==13572== Copyright (C) 2002-2017, and GNU GPL'd, by Julian Seward et al.
==13572== Using Valgrind-3.13.0 and LibVEX; rerun with -h for copyright info
==13572== Command: /rhome/a/amehmedic1/workspace/TP/T2/Z2/.runme
==13572== Parent PID: 13553
==13572== 
==13572== 
==13572== Process terminating with default action of signal 15 (SIGTERM)
==13572==    at 0x56EF081: read (read.c:27)
==13572==    by 0x566C147: _IO_file_underflow@@GLIBC_2.2.5 (fileops.c:531)
==13572==    by 0x566D3F1: _IO_default_uflow (genops.c:380)
==13572==    by 0x512B95C: __gnu_cxx::stdio_sync_filebuf<char, std::char_traits<char> >::underflow() (in /usr/lib/x86_64-linux-gnu/libstdc++.so.6.0.25)
==13572==    by 0x51396F9: std::istream::sentry::sentry(std::istream&, bool) (in /usr/lib/x86_64-linux-gnu/libstdc++.so.6.0.25)
==13572==    by 0x513BCCD: std::istream& std::istream::_M_extract<double>(double&) (in /usr/lib/x86_64-linux-gnu/libstdc++.so.6.0.25)
==13572==    by 0x108F51: main (main.cpp:47)
==13572== 
==13572== HEAP SUMMARY:
==13572==     in use at exit: 0 bytes in 0 blocks
==13572==   total heap usage: 2 allocs, 2 frees, 73,728 bytes allocated
==13572== 
==13572== All heap blocks were freed -- no leaks are possible
==13572== 
==13572== For counts of detected and suppressed errors, rerun with: -v
==13572== ERROR SUMMARY: 0 errors from 0 contexts (suppressed: 0 from 0)
