[New LWP 1406]
Core was generated by `'.
Program terminated with signal SIGXCPU, CPU time limit exceeded.
#0  0x00000000056ef152 in ?? ()
#0  0x00000000056ef152 in ?? ()
#1  0x000000000566a1bd in ?? ()
#2  0x0000000000001102 in register_tm_clones ()
#3  0x00000000059cb760 in ?? ()
#4  0x000000000000002d in ?? ()
#5  0x0000000000000d68 in ?? ()
#6  0x000000000010c590 in ?? ()
#7  0x000000000566ab2f in ?? ()
#8  0x000000000000002d in ?? ()
#9  0x000000000010b4c4 in ?? ()
#10 0x0000000005e82790 in ?? ()
#11 0x000000000000002d in ?? ()
#12 0x000000000000002d in ?? ()
#13 0x00000000059cb760 in ?? ()
#14 0x0000000000000001 in ?? ()
#15 0x000000000010c590 in ?? ()
#16 0x00000000059c72a0 in ?? ()
#17 0x000000000565e977 in ?? ()
#18 0x0000000005e02790 in ?? ()
#19 0x000000000030f020 in ?? ()
#20 0x000000000030f028 in ?? ()
#21 0x0000000000109090 in ?? ()
#22 0x0000001fff000590 in ?? ()
#23 0x000000000000002d in ?? ()
#24 0x0000000000000000 in ?? ()
