==2893== Memcheck, a memory error detector
==2893== Copyright (C) 2002-2017, and GNU GPL'd, by Julian Seward et al.
==2893== Using Valgrind-3.13.0 and LibVEX; rerun with -h for copyright info
==2893== Command: /rhome/a/amehmedic1/workspace/TP/T2/Z5/.runme
==2893== Parent PID: 2867
==2893== 
==2893== 
==2893== Process terminating with default action of signal 1 (SIGHUP)
==2893==    at 0x5A8D081: read (read.c:27)
==2893==    by 0x5A0A147: _IO_file_underflow@@GLIBC_2.2.5 (fileops.c:531)
==2893==    by 0x5A0B3F1: _IO_default_uflow (genops.c:380)
==2893==    by 0x512B95C: __gnu_cxx::stdio_sync_filebuf<char, std::char_traits<char> >::underflow() (in /usr/lib/x86_64-linux-gnu/libstdc++.so.6.0.25)
==2893==    by 0x5139739: std::istream::sentry::sentry(std::istream&, bool) (in /usr/lib/x86_64-linux-gnu/libstdc++.so.6.0.25)
==2893==    by 0x513996D: std::istream::operator>>(int&) (in /usr/lib/x86_64-linux-gnu/libstdc++.so.6.0.25)
==2893==    by 0x108BD7: main (main.cpp:9)
==2893== 
==2893== HEAP SUMMARY:
==2893==     in use at exit: 0 bytes in 0 blocks
==2893==   total heap usage: 2 allocs, 2 frees, 73,728 bytes allocated
==2893== 
==2893== All heap blocks were freed -- no leaks are possible
==2893== 
==2893== For counts of detected and suppressed errors, rerun with: -v
==2893== ERROR SUMMARY: 0 errors from 0 contexts (suppressed: 0 from 0)
