==5808== Memcheck, a memory error detector
==5808== Copyright (C) 2002-2017, and GNU GPL'd, by Julian Seward et al.
==5808== Using Valgrind-3.13.0 and LibVEX; rerun with -h for copyright info
==5808== Command: /rhome/a/amehmedic1/workspace/TP/T8/Z2/.runme
==5808== Parent PID: 5775
==5808== 
==5808== Conditional jump or move depends on uninitialised value(s)
==5808==    at 0x10BDA7: std::_Vector_base<std::shared_ptr<Ucenik>, std::allocator<std::shared_ptr<Ucenik> > >::_M_allocate(unsigned long) (stl_vector.h:172)
==5808==    by 0x10BB4C: std::_Vector_base<std::shared_ptr<Ucenik>, std::allocator<std::shared_ptr<Ucenik> > >::_M_create_storage(unsigned long) (stl_vector.h:187)
==5808==    by 0x10B79A: std::_Vector_base<std::shared_ptr<Ucenik>, std::allocator<std::shared_ptr<Ucenik> > >::_Vector_base(unsigned long, std::allocator<std::shared_ptr<Ucenik> > const&) (stl_vector.h:138)
==5808==    by 0x10B30B: std::vector<std::shared_ptr<Ucenik>, std::allocator<std::shared_ptr<Ucenik> > >::vector(unsigned long, std::allocator<std::shared_ptr<Ucenik> > const&) (stl_vector.h:284)
==5808==    by 0x10953D: main (main.cpp:38)
==5808== 
==5808== Conditional jump or move depends on uninitialised value(s)
==5808==    at 0x10C0CC: std::shared_ptr<Ucenik>* std::__uninitialized_default_n_1<false>::__uninit_default_n<std::shared_ptr<Ucenik>*, unsigned long>(std::shared_ptr<Ucenik>*, unsigned long) (stl_uninitialized.h:526)
==5808==    by 0x10BE19: std::shared_ptr<Ucenik>* std::__uninitialized_default_n<std::shared_ptr<Ucenik>*, unsigned long>(std::shared_ptr<Ucenik>*, unsigned long) (stl_uninitialized.h:583)
==5808==    by 0x10BBDF: std::shared_ptr<Ucenik>* std::__uninitialized_default_n_a<std::shared_ptr<Ucenik>*, unsigned long, std::shared_ptr<Ucenik> >(std::shared_ptr<Ucenik>*, unsigned long, std::allocator<std::shared_ptr<Ucenik> >&) (stl_uninitialized.h:645)
==5808==    by 0x10B842: std::vector<std::shared_ptr<Ucenik>, std::allocator<std::shared_ptr<Ucenik> > >::_M_default_initialize(unsigned long) (stl_vector.h:1347)
==5808==    by 0x10B31E: std::vector<std::shared_ptr<Ucenik>, std::allocator<std::shared_ptr<Ucenik> > >::vector(unsigned long, std::allocator<std::shared_ptr<Ucenik> > const&) (stl_vector.h:285)
==5808==    by 0x10953D: main (main.cpp:38)
==5808== 
==5808== 
==5808== Process terminating with default action of signal 1 (SIGHUP)
==5808==    at 0x56EF152: write (write.c:27)
==5808==    by 0x566A1BC: _IO_file_write@@GLIBC_2.2.5 (fileops.c:1203)
==5808==    by 0x566BF50: new_do_write (fileops.c:457)
==5808==    by 0x566BF50: _IO_do_write@@GLIBC_2.2.5 (fileops.c:433)
==5808==    by 0x566C402: _IO_file_overflow@@GLIBC_2.2.5 (fileops.c:798)
==5808==    by 0x5151999: std::ostream::put(char) (in /usr/lib/x86_64-linux-gnu/libstdc++.so.6.0.25)
==5808==    by 0x5151B9E: std::basic_ostream<char, std::char_traits<char> >& std::endl<char, std::char_traits<char> >(std::basic_ostream<char, std::char_traits<char> >&) (in /usr/lib/x86_64-linux-gnu/libstdc++.so.6.0.25)
==5808==    by 0x109B8E: IspisiIzvjestaj(std::vector<std::shared_ptr<Ucenik>, std::allocator<std::shared_ptr<Ucenik> > > const&) (main.cpp:130)
==5808==    by 0x10956D: main (main.cpp:48)
==5808== 
==5808== HEAP SUMMARY:
==5808==     in use at exit: 0 bytes in 0 blocks
==5808==   total heap usage: 2 allocs, 2 frees, 73,728 bytes allocated
==5808== 
==5808== All heap blocks were freed -- no leaks are possible
==5808== 
==5808== For counts of detected and suppressed errors, rerun with: -v
==5808== Use --track-origins=yes to see where uninitialised values come from
==5808== ERROR SUMMARY: 2 errors from 2 contexts (suppressed: 0 from 0)
