==30918== Memcheck, a memory error detector
==30918== Copyright (C) 2002-2017, and GNU GPL'd, by Julian Seward et al.
==30918== Using Valgrind-3.13.0 and LibVEX; rerun with -h for copyright info
==30918== Command: /rhome/a/amehmedic1/workspace/TP/T7/Z4/.runme
==30918== Parent PID: 30898
==30918== 
==30918== 
==30918== Process terminating with default action of signal 1 (SIGHUP)
==30918==    at 0x56EF081: read (read.c:27)
==30918==    by 0x566C147: _IO_file_underflow@@GLIBC_2.2.5 (fileops.c:531)
==30918==    by 0x566D3F1: _IO_default_uflow (genops.c:380)
==30918==    by 0x512B95C: __gnu_cxx::stdio_sync_filebuf<char, std::char_traits<char> >::underflow() (in /usr/lib/x86_64-linux-gnu/libstdc++.so.6.0.25)
==30918==    by 0x5139739: std::istream::sentry::sentry(std::istream&, bool) (in /usr/lib/x86_64-linux-gnu/libstdc++.so.6.0.25)
==30918==    by 0x513996D: std::istream::operator>>(int&) (in /usr/lib/x86_64-linux-gnu/libstdc++.so.6.0.25)
==30918==    by 0x109431: main (main.cpp:19)
==30918== 
==30918== HEAP SUMMARY:
==30918==     in use at exit: 0 bytes in 0 blocks
==30918==   total heap usage: 2 allocs, 2 frees, 73,728 bytes allocated
==30918== 
==30918== All heap blocks were freed -- no leaks are possible
==30918== 
==30918== For counts of detected and suppressed errors, rerun with: -v
==30918== ERROR SUMMARY: 0 errors from 0 contexts (suppressed: 0 from 0)
