==13251== Memcheck, a memory error detector
==13251== Copyright (C) 2002-2017, and GNU GPL'd, by Julian Seward et al.
==13251== Using Valgrind-3.13.0 and LibVEX; rerun with -h for copyright info
==13251== Command: /rhome/a/amehmedic1/workspace/TP/T7/Z9/.runme
==13251== Parent PID: 13243
==13251== 
==13251== 
==13251== Process terminating with default action of signal 1 (SIGHUP)
==13251==    at 0x56EF152: write (write.c:27)
==13251==    by 0x566A1BC: _IO_file_write@@GLIBC_2.2.5 (fileops.c:1203)
==13251==    by 0x566AB2E: new_do_write (fileops.c:457)
==13251==    by 0x566AB2E: _IO_file_xsputn@@GLIBC_2.2.5 (fileops.c:1277)
==13251==    by 0x565E976: fwrite (iofwrite.c:39)
==13251==    by 0x5151E93: std::basic_ostream<char, std::char_traits<char> >& std::__ostream_insert<char, std::char_traits<char> >(std::basic_ostream<char, std::char_traits<char> >&, char const*, long) (in /usr/lib/x86_64-linux-gnu/libstdc++.so.6.0.25)
==13251==    by 0x5152206: std::basic_ostream<char, std::char_traits<char> >& std::operator<< <std::char_traits<char> >(std::basic_ostream<char, std::char_traits<char> >&, char const*) (in /usr/lib/x86_64-linux-gnu/libstdc++.so.6.0.25)
==13251==    by 0x108CCA: main (main.cpp:27)
==13251== 
==13251== HEAP SUMMARY:
==13251==     in use at exit: 0 bytes in 0 blocks
==13251==   total heap usage: 2 allocs, 2 frees, 73,728 bytes allocated
==13251== 
==13251== All heap blocks were freed -- no leaks are possible
==13251== 
==13251== For counts of detected and suppressed errors, rerun with: -v
==13251== ERROR SUMMARY: 0 errors from 0 contexts (suppressed: 0 from 0)
