==3002== Memcheck, a memory error detector
==3002== Copyright (C) 2002-2017, and GNU GPL'd, by Julian Seward et al.
==3002== Using Valgrind-3.13.0 and LibVEX; rerun with -h for copyright info
==3002== Command: /rhome/a/amehmedic1/workspace/TP/T1/Z2/.runme
==3002== Parent PID: 2985
==3002== 
==3002== Conditional jump or move depends on uninitialised value(s)
==3002==    at 0x108BC3: main (main.cpp:11)
==3002== 
==3002== 
==3002== Process terminating with default action of signal 1 (SIGHUP)
==3002==    at 0x5875152: write (write.c:27)
==3002==    by 0x57F01BC: _IO_file_write@@GLIBC_2.2.5 (fileops.c:1203)
==3002==    by 0x57F0B2E: new_do_write (fileops.c:457)
==3002==    by 0x57F0B2E: _IO_file_xsputn@@GLIBC_2.2.5 (fileops.c:1277)
==3002==    by 0x57E4976: fwrite (iofwrite.c:39)
==3002==    by 0x5151E93: std::basic_ostream<char, std::char_traits<char> >& std::__ostream_insert<char, std::char_traits<char> >(std::basic_ostream<char, std::char_traits<char> >&, char const*, long) (in /usr/lib/x86_64-linux-gnu/libstdc++.so.6.0.25)
==3002==    by 0x5152206: std::basic_ostream<char, std::char_traits<char> >& std::operator<< <std::char_traits<char> >(std::basic_ostream<char, std::char_traits<char> >&, char const*) (in /usr/lib/x86_64-linux-gnu/libstdc++.so.6.0.25)
==3002==    by 0x108C0D: main (main.cpp:13)
==3002== 
==3002== HEAP SUMMARY:
==3002==     in use at exit: 0 bytes in 0 blocks
==3002==   total heap usage: 2 allocs, 2 frees, 73,728 bytes allocated
==3002== 
==3002== All heap blocks were freed -- no leaks are possible
==3002== 
==3002== For counts of detected and suppressed errors, rerun with: -v
==3002== Use --track-origins=yes to see where uninitialised values come from
==3002== ERROR SUMMARY: 1 errors from 1 contexts (suppressed: 0 from 0)
