==32313== Memcheck, a memory error detector
==32313== Copyright (C) 2002-2017, and GNU GPL'd, by Julian Seward et al.
==32313== Using Valgrind-3.13.0 and LibVEX; rerun with -h for copyright info
==32313== Command: /rhome/a/amehmedic1/workspace/TP/T1/Z1/.runme
==32313== Parent PID: 32294
==32313== 
==32313== 
==32313== Process terminating with default action of signal 1 (SIGHUP)
==32313==    at 0x54D7081: read (read.c:27)
==32313==    by 0x5454147: _IO_file_underflow@@GLIBC_2.2.5 (fileops.c:531)
==32313==    by 0x54553F1: _IO_default_uflow (genops.c:380)
==32313==    by 0x512B95C: __gnu_cxx::stdio_sync_filebuf<char, std::char_traits<char> >::underflow() (in /usr/lib/x86_64-linux-gnu/libstdc++.so.6.0.25)
==32313==    by 0x5139739: std::istream::sentry::sentry(std::istream&, bool) (in /usr/lib/x86_64-linux-gnu/libstdc++.so.6.0.25)
==32313==    by 0x513996D: std::istream::operator>>(int&) (in /usr/lib/x86_64-linux-gnu/libstdc++.so.6.0.25)
==32313==    by 0x108976: main (main.cpp:10)
==32313== 
==32313== HEAP SUMMARY:
==32313==     in use at exit: 0 bytes in 0 blocks
==32313==   total heap usage: 2 allocs, 2 frees, 73,728 bytes allocated
==32313== 
==32313== All heap blocks were freed -- no leaks are possible
==32313== 
==32313== For counts of detected and suppressed errors, rerun with: -v
==32313== ERROR SUMMARY: 0 errors from 0 contexts (suppressed: 0 from 0)
