==3416== Memcheck, a memory error detector
==3416== Copyright (C) 2002-2017, and GNU GPL'd, by Julian Seward et al.
==3416== Using Valgrind-3.13.0 and LibVEX; rerun with -h for copyright info
==3416== Command: /rhome/a/amehmedic1/workspace/TP/T7/Z6/.runme
==3416== Parent PID: 3409
==3416== 
==3416== 
==3416== Process terminating with default action of signal 1 (SIGHUP)
==3416==    at 0x56EF152: write (write.c:27)
==3416==    by 0x566A1BC: _IO_file_write@@GLIBC_2.2.5 (fileops.c:1203)
==3416==    by 0x566AB2E: new_do_write (fileops.c:457)
==3416==    by 0x566AB2E: _IO_file_xsputn@@GLIBC_2.2.5 (fileops.c:1277)
==3416==    by 0x565E976: fwrite (iofwrite.c:39)
==3416==    by 0x5151E93: std::basic_ostream<char, std::char_traits<char> >& std::__ostream_insert<char, std::char_traits<char> >(std::basic_ostream<char, std::char_traits<char> >&, char const*, long) (in /usr/lib/x86_64-linux-gnu/libstdc++.so.6.0.25)
==3416==    by 0x5152206: std::basic_ostream<char, std::char_traits<char> >& std::operator<< <std::char_traits<char> >(std::basic_ostream<char, std::char_traits<char> >&, char const*) (in /usr/lib/x86_64-linux-gnu/libstdc++.so.6.0.25)
==3416==    by 0x108BFA: main (main.cpp:40)
==3416== 
==3416== HEAP SUMMARY:
==3416==     in use at exit: 0 bytes in 0 blocks
==3416==   total heap usage: 2 allocs, 2 frees, 73,728 bytes allocated
==3416== 
==3416== All heap blocks were freed -- no leaks are possible
==3416== 
==3416== For counts of detected and suppressed errors, rerun with: -v
==3416== ERROR SUMMARY: 0 errors from 0 contexts (suppressed: 0 from 0)
