==11580== Memcheck, a memory error detector
==11580== Copyright (C) 2002-2017, and GNU GPL'd, by Julian Seward et al.
==11580== Using Valgrind-3.13.0 and LibVEX; rerun with -h for copyright info
==11580== Command: /rhome/a/amehmedic1/workspace/TP/Z14/Z3/.runme
==11580== Parent PID: 10688
==11580== 
==11580== 
==11580== Process terminating with default action of signal 6 (SIGABRT): dumping core
==11580==    at 0x561DE97: raise (raise.c:51)
==11580==    by 0x561F800: abort (abort.c:79)
==11580==    by 0x50CA8B6: ??? (in /usr/lib/x86_64-linux-gnu/libstdc++.so.6.0.25)
==11580==    by 0x50D0A05: ??? (in /usr/lib/x86_64-linux-gnu/libstdc++.so.6.0.25)
==11580==    by 0x50D0A40: std::terminate() (in /usr/lib/x86_64-linux-gnu/libstdc++.so.6.0.25)
==11580==    by 0x50D0C73: __cxa_throw (in /usr/lib/x86_64-linux-gnu/libstdc++.so.6.0.25)
==11580==    by 0x10C116: Liga::AzurirajIzDatoteke(std::__cxx11::basic_string<char, std::char_traits<char>, std::allocator<char> >) (main.cpp:140)
==11580==    by 0x10AE66: main (main.cpp:383)
==11580== 
==11580== HEAP SUMMARY:
==11580==     in use at exit: 9,214 bytes in 9 blocks
==11580==   total heap usage: 13 allocs, 4 frees, 90,694 bytes allocated
==11580== 
==11580== 144 bytes in 1 blocks are possibly lost in loss record 7 of 9
==11580==    at 0x4C2FB0F: malloc (in /usr/lib/valgrind/vgpreload_memcheck-amd64-linux.so)
==11580==    by 0x50CF83F: __cxa_allocate_exception (in /usr/lib/x86_64-linux-gnu/libstdc++.so.6.0.25)
==11580==    by 0x10C0EB: Liga::AzurirajIzDatoteke(std::__cxx11::basic_string<char, std::char_traits<char>, std::allocator<char> >) (main.cpp:140)
==11580==    by 0x10AE66: main (main.cpp:383)
==11580== 
==11580== LEAK SUMMARY:
==11580==    definitely lost: 0 bytes in 0 blocks
==11580==    indirectly lost: 0 bytes in 0 blocks
==11580==      possibly lost: 144 bytes in 1 blocks
==11580==    still reachable: 9,070 bytes in 8 blocks
==11580==                       of which reachable via heuristic:
==11580==                         stdstring          : 54 bytes in 1 blocks
==11580==         suppressed: 0 bytes in 0 blocks
==11580== Reachable blocks (those to which a pointer was found) are not shown.
==11580== To see them, rerun with: --leak-check=full --show-leak-kinds=all
==11580== 
==11580== For counts of detected and suppressed errors, rerun with: -v
==11580== ERROR SUMMARY: 1 errors from 1 contexts (suppressed: 0 from 0)
