==24728== Memcheck, a memory error detector
==24728== Copyright (C) 2002-2017, and GNU GPL'd, by Julian Seward et al.
==24728== Using Valgrind-3.13.0 and LibVEX; rerun with -h for copyright info
==24728== Command: /rhome/a/amehmedic1/workspace/TP/T1/Z4/.runme
==24728== Parent PID: 24721
==24728== 
==24728== 
==24728== Process terminating with default action of signal 1 (SIGHUP)
==24728==    at 0x54D7081: read (read.c:27)
==24728==    by 0x5454147: _IO_file_underflow@@GLIBC_2.2.5 (fileops.c:531)
==24728==    by 0x54553F1: _IO_default_uflow (genops.c:380)
==24728==    by 0x512B95C: __gnu_cxx::stdio_sync_filebuf<char, std::char_traits<char> >::underflow() (in /usr/lib/x86_64-linux-gnu/libstdc++.so.6.0.25)
==24728==    by 0x5139739: std::istream::sentry::sentry(std::istream&, bool) (in /usr/lib/x86_64-linux-gnu/libstdc++.so.6.0.25)
==24728==    by 0x513BCCD: std::istream& std::istream::_M_extract<double>(double&) (in /usr/lib/x86_64-linux-gnu/libstdc++.so.6.0.25)
==24728==    by 0x108C23: main (main.cpp:19)
==24728== 
==24728== HEAP SUMMARY:
==24728==     in use at exit: 0 bytes in 0 blocks
==24728==   total heap usage: 8 allocs, 8 frees, 74,070 bytes allocated
==24728== 
==24728== All heap blocks were freed -- no leaks are possible
==24728== 
==24728== For counts of detected and suppressed errors, rerun with: -v
==24728== ERROR SUMMARY: 0 errors from 0 contexts (suppressed: 0 from 0)
