==6496== Memcheck, a memory error detector
==6496== Copyright (C) 2002-2017, and GNU GPL'd, by Julian Seward et al.
==6496== Using Valgrind-3.13.0 and LibVEX; rerun with -h for copyright info
==6496== Command: /rhome/a/amehmedic1/workspace/TP/T13/Z3/.runme
==6496== Parent PID: 6479
==6496== 
==6496== 
==6496== Process terminating with default action of signal 6 (SIGABRT): dumping core
==6496==    at 0x561DE97: raise (raise.c:51)
==6496==    by 0x561F800: abort (abort.c:79)
==6496==    by 0x50CA8B6: ??? (in /usr/lib/x86_64-linux-gnu/libstdc++.so.6.0.25)
==6496==    by 0x50D0A05: ??? (in /usr/lib/x86_64-linux-gnu/libstdc++.so.6.0.25)
==6496==    by 0x50D0A40: std::terminate() (in /usr/lib/x86_64-linux-gnu/libstdc++.so.6.0.25)
==6496==    by 0x50D0C73: __cxa_throw (in /usr/lib/x86_64-linux-gnu/libstdc++.so.6.0.25)
==6496==    by 0x10B3A9: Fakultet::UpisiStudenta(std::__cxx11::basic_string<char, std::char_traits<char>, std::allocator<char> >, std::__cxx11::basic_string<char, std::char_traits<char>, std::allocator<char> >, int) (main.cpp:177)
==6496==    by 0x10A03C: main (main.cpp:346)
==6496== 
==6496== HEAP SUMMARY:
==6496==     in use at exit: 1,047 bytes in 14 blocks
==6496==   total heap usage: 58 allocs, 44 frees, 76,143 bytes allocated
==6496== 
==6496== 144 bytes in 1 blocks are possibly lost in loss record 14 of 14
==6496==    at 0x4C2FB0F: malloc (in /usr/lib/valgrind/vgpreload_memcheck-amd64-linux.so)
==6496==    by 0x50CF83F: __cxa_allocate_exception (in /usr/lib/x86_64-linux-gnu/libstdc++.so.6.0.25)
==6496==    by 0x10B37E: Fakultet::UpisiStudenta(std::__cxx11::basic_string<char, std::char_traits<char>, std::allocator<char> >, std::__cxx11::basic_string<char, std::char_traits<char>, std::allocator<char> >, int) (main.cpp:177)
==6496==    by 0x10A03C: main (main.cpp:346)
==6496== 
==6496== LEAK SUMMARY:
==6496==    definitely lost: 0 bytes in 0 blocks
==6496==    indirectly lost: 0 bytes in 0 blocks
==6496==      possibly lost: 144 bytes in 1 blocks
==6496==    still reachable: 903 bytes in 13 blocks
==6496==                       of which reachable via heuristic:
==6496==                         stdstring          : 71 bytes in 1 blocks
==6496==         suppressed: 0 bytes in 0 blocks
==6496== Reachable blocks (those to which a pointer was found) are not shown.
==6496== To see them, rerun with: --leak-check=full --show-leak-kinds=all
==6496== 
==6496== For counts of detected and suppressed errors, rerun with: -v
==6496== ERROR SUMMARY: 1 errors from 1 contexts (suppressed: 0 from 0)
