==26324== Memcheck, a memory error detector
==26324== Copyright (C) 2002-2017, and GNU GPL'd, by Julian Seward et al.
==26324== Using Valgrind-3.13.0 and LibVEX; rerun with -h for copyright info
==26324== Command: /rhome/a/amehmedic1/workspace/TP/T4/Z1/.runme
==26324== Parent PID: 26307
==26324== 
==26324== Conditional jump or move depends on uninitialised value(s)
==26324==    at 0x108A1C: Cifre(long long, int&, int&) (main.cpp:11)
==26324==    by 0x108BB4: main (main.cpp:33)
==26324== 
==26324== Conditional jump or move depends on uninitialised value(s)
==26324==    at 0x108A62: Cifre(long long, int&, int&) (main.cpp:13)
==26324==    by 0x108BB4: main (main.cpp:33)
==26324== 
==26324== Conditional jump or move depends on uninitialised value(s)
==26324==    at 0x108AE6: Cifre(long long, int&, int&) (main.cpp:17)
==26324==    by 0x108BB4: main (main.cpp:33)
==26324== 
==26324== 
==26324== Process terminating with default action of signal 1 (SIGHUP)
==26324==    at 0x54D7152: write (write.c:27)
==26324==    by 0x54521BC: _IO_file_write@@GLIBC_2.2.5 (fileops.c:1203)
==26324==    by 0x5452B2E: new_do_write (fileops.c:457)
==26324==    by 0x5452B2E: _IO_file_xsputn@@GLIBC_2.2.5 (fileops.c:1277)
==26324==    by 0x5446976: fwrite (iofwrite.c:39)
==26324==    by 0x5151E93: std::basic_ostream<char, std::char_traits<char> >& std::__ostream_insert<char, std::char_traits<char> >(std::basic_ostream<char, std::char_traits<char> >&, char const*, long) (in /usr/lib/x86_64-linux-gnu/libstdc++.so.6.0.25)
==26324==    by 0x5152206: std::basic_ostream<char, std::char_traits<char> >& std::operator<< <std::char_traits<char> >(std::basic_ostream<char, std::char_traits<char> >&, char const*) (in /usr/lib/x86_64-linux-gnu/libstdc++.so.6.0.25)
==26324==    by 0x108BCA: main (main.cpp:34)
==26324== 
==26324== HEAP SUMMARY:
==26324==     in use at exit: 0 bytes in 0 blocks
==26324==   total heap usage: 2 allocs, 2 frees, 73,728 bytes allocated
==26324== 
==26324== All heap blocks were freed -- no leaks are possible
==26324== 
==26324== For counts of detected and suppressed errors, rerun with: -v
==26324== Use --track-origins=yes to see where uninitialised values come from
==26324== ERROR SUMMARY: 37 errors from 3 contexts (suppressed: 0 from 0)
