==2155== Memcheck, a memory error detector
==2155== Copyright (C) 2002-2017, and GNU GPL'd, by Julian Seward et al.
==2155== Using Valgrind-3.13.0 and LibVEX; rerun with -h for copyright info
==2155== Command: /rhome/a/amehmedic1/workspace/TP/T2/Z1/.runme
==2155== Parent PID: 2148
==2155== 
==2155== 
==2155== Process terminating with default action of signal 1 (SIGHUP)
==2155==    at 0x56EF081: read (read.c:27)
==2155==    by 0x566C147: _IO_file_underflow@@GLIBC_2.2.5 (fileops.c:531)
==2155==    by 0x566D3F1: _IO_default_uflow (genops.c:380)
==2155==    by 0x512B95C: __gnu_cxx::stdio_sync_filebuf<char, std::char_traits<char> >::underflow() (in /usr/lib/x86_64-linux-gnu/libstdc++.so.6.0.25)
==2155==    by 0x5139739: std::istream::sentry::sentry(std::istream&, bool) (in /usr/lib/x86_64-linux-gnu/libstdc++.so.6.0.25)
==2155==    by 0x513996D: std::istream::operator>>(int&) (in /usr/lib/x86_64-linux-gnu/libstdc++.so.6.0.25)
==2155==    by 0x108DAE: main (main.cpp:46)
==2155== 
==2155== HEAP SUMMARY:
==2155==     in use at exit: 0 bytes in 0 blocks
==2155==   total heap usage: 2 allocs, 2 frees, 73,728 bytes allocated
==2155== 
==2155== All heap blocks were freed -- no leaks are possible
==2155== 
==2155== For counts of detected and suppressed errors, rerun with: -v
==2155== ERROR SUMMARY: 0 errors from 0 contexts (suppressed: 0 from 0)
