==7559== Memcheck, a memory error detector
==7559== Copyright (C) 2002-2017, and GNU GPL'd, by Julian Seward et al.
==7559== Using Valgrind-3.13.0 and LibVEX; rerun with -h for copyright info
==7559== Command: /rhome/a/amehmedic1/workspace/TP/T4/Z3/.runme
==7559== Parent PID: 7551
==7559== 
==7559== 
==7559== HEAP SUMMARY:
==7559==     in use at exit: 1,435 bytes in 30 blocks
==7559==   total heap usage: 32 allocs, 2 frees, 2,459 bytes allocated
==7559== 
==7559== LEAK SUMMARY:
==7559==    definitely lost: 0 bytes in 0 blocks
==7559==    indirectly lost: 0 bytes in 0 blocks
==7559==      possibly lost: 0 bytes in 0 blocks
==7559==    still reachable: 1,435 bytes in 30 blocks
==7559==         suppressed: 0 bytes in 0 blocks
==7559== Reachable blocks (those to which a pointer was found) are not shown.
==7559== To see them, rerun with: --leak-check=full --show-leak-kinds=all
==7559== 
==7559== For counts of detected and suppressed errors, rerun with: -v
==7559== ERROR SUMMARY: 0 errors from 0 contexts (suppressed: 0 from 0)
